[2026-03-06 20:54:09] Checando Redis em 127.0.0.1:6380 (com retries)...
[0;32mRedis OK.[0m
[2026-03-06 20:54:09] Executando collectstatic...

0 static files copied to '/var/www/veloma-crm/static', 166 unmodified.
[0;32mcollectstatic OK.[0m
[2026-03-06 20:54:10] Iniciando Django em 0.0.0.0:7000 ...
[0;32mDjango iniciado.[0m
[2026-03-06 20:54:12] Iniciando Celery Worker...
[0;32mCelery Worker iniciado.[0m
[2026-03-06 20:54:14] Iniciando Celery Beat...
[0;32mCelery Beat iniciado.[0m
[2026-03-06 20:54:21] Parando serviços...
[2026-03-06 20:54:21] Parando Django (PIDs: 561030
561043)...
[0;32mDjango parado.[0m
[2026-03-06 20:54:23] Parando Celery Worker (PIDs: 561065
561104
561105)...
[0;32mCelery Worker parado.[0m
[2026-03-06 20:54:25] Parando Celery Beat (PIDs: 561102)...
[0;32mCelery Beat parado.[0m
[2026-03-06 20:54:28] Checando Redis em 127.0.0.1:6380 (com retries)...
[0;32mRedis OK.[0m
[2026-03-06 20:54:28] Executando collectstatic...

0 static files copied to '/var/www/veloma-crm/static', 166 unmodified.
[0;32mcollectstatic OK.[0m
[2026-03-06 20:54:29] Iniciando Django em 0.0.0.0:7000 ...
[0;32mDjango iniciado.[0m
[2026-03-06 20:54:31] Iniciando Celery Worker...
[0;32mCelery Worker iniciado.[0m
[2026-03-06 20:54:33] Iniciando Celery Beat...
[0;32mCelery Beat iniciado.[0m
Performing system checks...

System check identified no issues (0 silenced).
March 06, 2026 - 20:54:30
Django version 6.0.3, using settings 'core.settings'
Starting development server at http://0.0.0.0:7000/
Quit the server with CONTROL-C.

WARNING: This is a development server. Do not use it in a production setting. Use a production WSGI or ASGI server instead.
For more information on production servers see: https://docs.djangoproject.com/en/6.0/howto/deployment/
Performing system checks...

System check identified no issues (0 silenced).
March 06, 2026 - 21:06:25
Django version 6.0.3, using settings 'core.settings'
Starting development server at http://0.0.0.0:7000/
Quit the server with CONTROL-C.

WARNING: This is a development server. Do not use it in a production setting. Use a production WSGI or ASGI server instead.
For more information on production servers see: https://docs.djangoproject.com/en/6.0/howto/deployment/
[2026-03-06 21:14:10] Parando serviços...
[2026-03-06 21:14:10] Parando Django (PIDs: 561202
562013)...
[0;32mDjango parado.[0m
[2026-03-06 21:14:12] Parando Celery Worker (PIDs: 561248
561274
561277)...
[0;32mCelery Worker parado.[0m
[2026-03-06 21:14:14] Parando Celery Beat (PIDs: 561272)...
[0;32mCelery Beat parado.[0m
[2026-03-06 21:14:17] Checando Redis em 127.0.0.1:6380 (com retries)...
[0;32mRedis OK.[0m
[2026-03-06 21:14:18] Executando collectstatic...

0 static files copied to '/var/www/veloma-crm/static', 166 unmodified.
[0;32mcollectstatic OK.[0m
[2026-03-06 21:14:18] Iniciando Django em 0.0.0.0:7000 ...
[0;32mDjango iniciado.[0m
[2026-03-06 21:14:20] Iniciando Celery Worker...
[0;32mCelery Worker iniciado.[0m
[2026-03-06 21:14:23] Iniciando Celery Beat...
[0;32mCelery Beat iniciado.[0m
Performing system checks...

System check identified no issues (0 silenced).
March 06, 2026 - 21:14:19
Django version 6.0.3, using settings 'core.settings'
Starting development server at http://0.0.0.0:7000/
Quit the server with CONTROL-C.

WARNING: This is a development server. Do not use it in a production setting. Use a production WSGI or ASGI server instead.
For more information on production servers see: https://docs.djangoproject.com/en/6.0/howto/deployment/
Performing system checks...

System check identified no issues (0 silenced).
March 06, 2026 - 21:21:54
Django version 6.0.3, using settings 'core.settings'
Starting development server at http://0.0.0.0:7000/
Quit the server with CONTROL-C.

WARNING: This is a development server. Do not use it in a production setting. Use a production WSGI or ASGI server instead.
For more information on production servers see: https://docs.djangoproject.com/en/6.0/howto/deployment/
Performing system checks...

System check identified no issues (0 silenced).
March 06, 2026 - 21:22:01
Django version 6.0.3, using settings 'core.settings'
Starting development server at http://0.0.0.0:7000/
Quit the server with CONTROL-C.

WARNING: This is a development server. Do not use it in a production setting. Use a production WSGI or ASGI server instead.
For more information on production servers see: https://docs.djangoproject.com/en/6.0/howto/deployment/
Performing system checks...

System check identified no issues (0 silenced).
March 06, 2026 - 21:22:41
Django version 6.0.3, using settings 'core.settings'
Starting development server at http://0.0.0.0:7000/
Quit the server with CONTROL-C.

WARNING: This is a development server. Do not use it in a production setting. Use a production WSGI or ASGI server instead.
For more information on production servers see: https://docs.djangoproject.com/en/6.0/howto/deployment/
[2026-03-06 21:25:47] Parando serviços...
[2026-03-06 21:25:47] Parando Django (PIDs: 562375
562871)...
[0;32mDjango parado.[0m
[2026-03-06 21:25:49] Parando Celery Worker (PIDs: 562408
562434
562435)...
[0;32mCelery Worker parado.[0m
[2026-03-06 21:25:51] Parando Celery Beat (PIDs: 562431)...
[0;32mCelery Beat parado.[0m
[2026-03-06 21:25:54] Checando Redis em 127.0.0.1:6380 (com retries)...
[0;32mRedis OK.[0m
[2026-03-06 21:25:54] Executando collectstatic...

0 static files copied to '/var/www/veloma-crm/static', 166 unmodified.
[0;32mcollectstatic OK.[0m
[2026-03-06 21:25:55] Iniciando Django em 0.0.0.0:7000 ...
[0;32mDjango iniciado.[0m
[2026-03-06 21:25:57] Iniciando Celery Worker...
[0;32mCelery Worker iniciado.[0m
[2026-03-06 21:25:59] Iniciando Celery Beat...
[2026-03-06 21:26:15] Parando serviços...
[2026-03-06 21:26:15] Parando Django (PIDs: 563259
563261)...
[0;32mDjango parado.[0m
[2026-03-06 21:26:17] Parando Celery Worker (PIDs: 563291
563325
563326)...
[1;33mCelery Worker ainda ativo. Forçando kill -9...[0m
[0;32mCelery Worker parado.[0m
[2026-03-06 21:26:20] Celery Beat não estava rodando.
[2026-03-06 21:26:21] Checando Redis em 127.0.0.1:6380 (com retries)...
[0;32mRedis OK.[0m
[2026-03-06 21:26:21] Executando collectstatic...

0 static files copied to '/var/www/veloma-crm/static', 166 unmodified.
[0;32mcollectstatic OK.[0m
[2026-03-06 21:26:21] Iniciando Django em 0.0.0.0:7000 ...
[0;32mDjango iniciado.[0m
[2026-03-06 21:26:24] Iniciando Celery Worker...
[0;32mCelery Worker iniciado.[0m
[2026-03-06 21:26:26] Iniciando Celery Beat...
[0;32mCelery Beat iniciado.[0m
[2026-03-06 21:26:57] Parando serviços...
[2026-03-06 21:26:57] Parando Django (PIDs: 563475
563485)...
[0;32mDjango parado.[0m
[2026-03-06 21:26:59] Parando Celery Worker (PIDs: 563502
563539
563540)...
[0;32mCelery Worker parado.[0m
[2026-03-06 21:27:01] Parando Celery Beat (PIDs: 563525)...
[0;32mCelery Beat parado.[0m
[2026-03-06 21:27:04] Checando Redis em 127.0.0.1:6380 (com retries)...
[0;32mRedis OK.[0m
[2026-03-06 21:27:04] Executando collectstatic...

0 static files copied to '/var/www/veloma-crm/static', 166 unmodified.
[0;32mcollectstatic OK.[0m
[2026-03-06 21:27:05] Iniciando Django em 0.0.0.0:7000 ...
[0;32mDjango iniciado.[0m
[2026-03-06 21:27:07] Iniciando Celery Worker...
[0;32mCelery Worker iniciado.[0m
[2026-03-06 21:27:09] Iniciando Celery Beat...
[0;32mCelery Beat iniciado.[0m
[2026-03-06 21:27:22] Parando serviços...
[2026-03-06 21:27:22] Parando Django (PIDs: 563779
563781)...
[0;32mDjango parado.[0m
[2026-03-06 21:27:24] Parando Celery Worker (PIDs: 563808
563834
563835)...
[0;32mCelery Worker parado.[0m
[2026-03-06 21:27:26] Parando Celery Beat (PIDs: 563831)...
[0;32mCelery Beat parado.[0m
[2026-03-06 21:27:29] Checando Redis em 127.0.0.1:6380 (com retries)...
[0;32mRedis OK.[0m
[2026-03-06 21:27:30] Executando collectstatic...

0 static files copied to '/var/www/veloma-crm/static', 166 unmodified.
[0;32mcollectstatic OK.[0m
[2026-03-06 21:27:30] Iniciando Django em 0.0.0.0:7000 ...
[0;32mDjango iniciado.[0m
[2026-03-06 21:27:32] Iniciando Celery Worker...
[0;32mCelery Worker iniciado.[0m
[2026-03-06 21:27:34] Iniciando Celery Beat...
[0;32mCelery Beat iniciado.[0m
